<?xml version="1.0" encoding="UTF-8"?>
<testng-results skipped="0" failed="0" total="1" passed="1">
  <reporter-output>
  </reporter-output>
  <suite name="Default suite" duration-ms="90494" started-at="2020-12-29T05:56:06Z" finished-at="2020-12-29T05:57:36Z">
    <groups>
    </groups>
    <test name="Default test" duration-ms="90494" started-at="2020-12-29T05:56:06Z" finished-at="2020-12-29T05:57:36Z">
      <class name="AppiumAssignment.Magento.MagnetoCommunity">
        <test-method status="PASS" signature="f()[pri:0, instance:AppiumAssignment.Magento.MagnetoCommunity@5700d6b1]" name="f" duration-ms="90322" started-at="2020-12-29T11:26:06Z" finished-at="2020-12-29T11:27:36Z">
          <reporter-output>
          </reporter-output>
        </test-method> <!-- f -->
      </class> <!-- AppiumAssignment.Magento.MagnetoCommunity -->
    </test> <!-- Default test -->
  </suite> <!-- Default suite -->
</testng-results>
